<?xml version="1.0" encoding="UTF-8"?>
<testng-results skipped="0" failed="0" ignored="0" total="1" passed="1">
  <reporter-output>
  </reporter-output>
  <suite name="Default suite" duration-ms="86" started-at="2023-08-18T12:20:58 IST" finished-at="2023-08-18T12:20:58 IST">
    <groups>
    </groups>
    <test name="Default test" duration-ms="86" started-at="2023-08-18T12:20:58 IST" finished-at="2023-08-18T12:20:58 IST">
      <class name="practice.HrAssistant">
        <test-method status="PASS" signature="create()[pri:0, instance:practice.HrAssistant@30a3107a]" name="create" duration-ms="13" started-at="2023-08-18T12:20:58 IST" finished-at="2023-08-18T12:20:58 IST">
          <reporter-output>
          </reporter-output>
        </test-method> <!-- create -->
      </class> <!-- practice.HrAssistant -->
    </test> <!-- Default test -->
  </suite> <!-- Default suite -->
</testng-results>
